@!@!@STARTMSG 2262:0 @!@!@
TLC2 Version 2.19 of 08 August 2024 (rev: 5a47802)
@!@!@ENDMSG 2262 @!@!@
@!@!@STARTMSG 2187:0 @!@!@
Running breadth-first search Model-Checking with fp 101 and seed -7762496707428631781 with 6 workers on 8 cores with 608MB heap and 1365MB offheap memory [pid: 9635] (Mac OS X 10.16 x86_64, AdoptOpenJDK 14.0.1 x86_64, OffHeapDiskFPSet, DiskStateQueue).
@!@!@ENDMSG 2187 @!@!@
@!@!@STARTMSG 2220:0 @!@!@
Starting SANY...
@!@!@ENDMSG 2220 @!@!@
Parsing file /Users/iyladakeekarjai/Documents/TUe/Y2/Q1/Software Specification/LockSystem/lock_system.toolbox/model_single/MC.tla
Parsing file /Users/iyladakeekarjai/Documents/TUe/Y2/Q1/Software Specification/LockSystem/lock_system.toolbox/model_single/lock_system.tla
Parsing file /private/var/folders/82/49nh_qz14ps88s085l16z6th0000gn/T/AppTranslocation/1ADD2AC0-BCA1-4B19-8F3A-42092EE7249F/d/TLA+ Toolbox.app/Contents/Eclipse/plugins/org.lamport.tlatools_1.0.0.202408081326/tla2sany/StandardModules/TLC.tla
Parsing file /Users/iyladakeekarjai/Documents/TUe/Y2/Q1/Software Specification/LockSystem/lock_system.toolbox/model_single/lock_single.tla
Parsing file /Users/iyladakeekarjai/Documents/TUe/Y2/Q1/Software Specification/LockSystem/lock_system.toolbox/model_single/lock_data.tla
Parsing file /private/var/folders/82/49nh_qz14ps88s085l16z6th0000gn/T/AppTranslocation/1ADD2AC0-BCA1-4B19-8F3A-42092EE7249F/d/TLA+ Toolbox.app/Contents/Eclipse/plugins/org.lamport.tlatools_1.0.0.202408081326/tla2sany/StandardModules/Integers.tla
Parsing file /private/var/folders/82/49nh_qz14ps88s085l16z6th0000gn/T/AppTranslocation/1ADD2AC0-BCA1-4B19-8F3A-42092EE7249F/d/TLA+ Toolbox.app/Contents/Eclipse/plugins/org.lamport.tlatools_1.0.0.202408081326/tla2sany/StandardModules/Sequences.tla
Parsing file /private/var/folders/82/49nh_qz14ps88s085l16z6th0000gn/T/AppTranslocation/1ADD2AC0-BCA1-4B19-8F3A-42092EE7249F/d/TLA+ Toolbox.app/Contents/Eclipse/plugins/org.lamport.tlatools_1.0.0.202408081326/tla2sany/StandardModules/FiniteSets.tla
Parsing file /private/var/folders/82/49nh_qz14ps88s085l16z6th0000gn/T/AppTranslocation/1ADD2AC0-BCA1-4B19-8F3A-42092EE7249F/d/TLA+ Toolbox.app/Contents/Eclipse/plugins/org.lamport.tlatools_1.0.0.202408081326/tla2sany/StandardModules/Naturals.tla
Semantic processing of module Naturals
Semantic processing of module Integers
Semantic processing of module Sequences
Semantic processing of module FiniteSets
Semantic processing of module TLC
Semantic processing of module lock_data
Semantic processing of module lock_single
Semantic processing of module lock_system
Semantic processing of module MC
@!@!@STARTMSG 2219:0 @!@!@
SANY finished.
@!@!@ENDMSG 2219 @!@!@
@!@!@STARTMSG 2185:0 @!@!@
Starting... (2025-10-07 11:48:33)
@!@!@ENDMSG 2185 @!@!@
@!@!@STARTMSG 2189:0 @!@!@
Computing initial states...
@!@!@ENDMSG 2189 @!@!@
@!@!@STARTMSG 2190:0 @!@!@
Finished computing initial states: 1 distinct state generated at 2025-10-07 11:48:34.
@!@!@ENDMSG 2190 @!@!@
@!@!@STARTMSG 2114:1 @!@!@
Deadlock reached.
@!@!@ENDMSG 2114 @!@!@
@!@!@STARTMSG 2121:1 @!@!@
The behavior up to this point is:
@!@!@ENDMSG 2121 @!@!@
@!@!@STARTMSG 2217:4 @!@!@
1: <Initial predicate>
/\ requests = <<>>
/\ pc = (0 :> "ControlStart" @@ 1 :> "LockWaitForCommand" @@ 2 :> "ShipNextIteration")
/\ shipLocation = 0
/\ permissions = <<>>
/\ req = [side |-> "", lock |-> 0, ship |-> 0]
/\ valvesOpen = [low |-> FALSE, high |-> FALSE]
/\ waterLevel = "low"
/\ perm = (2 :> [lock |-> 1, granted |-> FALSE])
/\ shipStatus = "go_to_east"
/\ lockCommand = [command |-> "finished", open |-> FALSE, side |-> "west"]
/\ lockOrientation = "west_low"
/\ doorsOpen = [west |-> FALSE, east |-> FALSE]

@!@!@ENDMSG 2217 @!@!@
@!@!@STARTMSG 2217:4 @!@!@
2: <ShipNextIteration line 429, col 28 to line 449, col 55 of module lock_single>
/\ requests = <<>>
/\ pc = (0 :> "ControlStart" @@ 1 :> "LockWaitForCommand" @@ 2 :> "ShipRequestWest")
/\ shipLocation = 0
/\ permissions = <<>>
/\ req = [side |-> "", lock |-> 0, ship |-> 0]
/\ valvesOpen = [low |-> FALSE, high |-> FALSE]
/\ waterLevel = "low"
/\ perm = (2 :> [lock |-> 1, granted |-> FALSE])
/\ shipStatus = "go_to_east"
/\ lockCommand = [command |-> "finished", open |-> FALSE, side |-> "west"]
/\ lockOrientation = "west_low"
/\ doorsOpen = [west |-> FALSE, east |-> FALSE]

@!@!@ENDMSG 2217 @!@!@
@!@!@STARTMSG 2217:4 @!@!@
3: <ShipRequestWest line 471, col 26 to line 477, col 53 of module lock_single>
/\ requests = <<[side |-> "west", lock |-> 1, ship |-> 2]>>
/\ pc = (0 :> "ControlStart" @@ 1 :> "LockWaitForCommand" @@ 2 :> "ShipWaitForWest")
/\ shipLocation = 0
/\ permissions = <<>>
/\ req = [side |-> "", lock |-> 0, ship |-> 0]
/\ valvesOpen = [low |-> FALSE, high |-> FALSE]
/\ waterLevel = "low"
/\ perm = (2 :> [lock |-> 1, granted |-> FALSE])
/\ shipStatus = "go_to_east"
/\ lockCommand = [command |-> "finished", open |-> FALSE, side |-> "west"]
/\ lockOrientation = "west_low"
/\ doorsOpen = [west |-> FALSE, east |-> FALSE]

@!@!@ENDMSG 2217 @!@!@
@!@!@STARTMSG 2217:4 @!@!@
4: <ControlStart line 591, col 17 to line 600, col 65 of module lock_single>
/\ requests = <<>>
/\ pc = (0 :> "DirectionCheck" @@ 1 :> "LockWaitForCommand" @@ 2 :> "ShipWaitForWest")
/\ shipLocation = 0
/\ permissions = <<>>
/\ req = [side |-> "west", lock |-> 1, ship |-> 2]
/\ valvesOpen = [low |-> FALSE, high |-> FALSE]
/\ waterLevel = "low"
/\ perm = (2 :> [lock |-> 1, granted |-> FALSE])
/\ shipStatus = "go_to_east"
/\ lockCommand = [command |-> "finished", open |-> FALSE, side |-> "west"]
/\ lockOrientation = "west_low"
/\ doorsOpen = [west |-> FALSE, east |-> FALSE]

@!@!@ENDMSG 2217 @!@!@
@!@!@STARTMSG 2217:4 @!@!@
5: <DirectionCheck line 602, col 19 to line 613, col 40 of module lock_single>
/\ requests = <<>>
/\ pc = (0 :> "OpenWestDoor" @@ 1 :> "LockWaitForCommand" @@ 2 :> "ShipWaitForWest")
/\ shipLocation = 0
/\ permissions = <<>>
/\ req = [side |-> "west", lock |-> 1, ship |-> 2]
/\ valvesOpen = [low |-> FALSE, high |-> FALSE]
/\ waterLevel = "low"
/\ perm = (2 :> [lock |-> 1, granted |-> FALSE])
/\ shipStatus = "go_to_east"
/\ lockCommand = [command |-> "finished", open |-> FALSE, side |-> "west"]
/\ lockOrientation = "west_low"
/\ doorsOpen = [west |-> FALSE, east |-> FALSE]

@!@!@ENDMSG 2217 @!@!@
@!@!@STARTMSG 2201:0 @!@!@
The coverage statistics at 2025-10-07 11:48:34
@!@!@ENDMSG 2201 @!@!@
@!@!@STARTMSG 2773:0 @!@!@
<Init line 364, col 1 to line 364, col 4 of module lock_single>: 2:2
@!@!@ENDMSG 2773 @!@!@
@!@!@STARTMSG 2221:0 @!@!@
  line 365, col 9 to line 380, col 70 of module lock_single: 2
@!@!@ENDMSG 2221 @!@!@
@!@!@STARTMSG 2772:0 @!@!@
<LockWaitForCommand line 382, col 1 to line 382, col 24 of module lock_single>: 0:0
@!@!@ENDMSG 2772 @!@!@
@!@!@STARTMSG 2221:0 @!@!@
  line 382, col 32 to line 382, col 62 of module lock_single: 7
@!@!@ENDMSG 2221 @!@!@
@!@!@STARTMSG 2221:0 @!@!@
  line 383, col 32 to line 383, col 64 of module lock_single: 7
@!@!@ENDMSG 2221 @!@!@
@!@!@STARTMSG 2221:0 @!@!@
  line 385, col 43 to line 385, col 112 of module lock_single: 0
@!@!@ENDMSG 2221 @!@!@
@!@!@STARTMSG 2221:0 @!@!@
  line 386, col 43 to line 386, col 62 of module lock_single: 0
@!@!@ENDMSG 2221 @!@!@
@!@!@STARTMSG 2221:0 @!@!@
  line 388, col 54 to line 388, col 125 of module lock_single: 0
@!@!@ENDMSG 2221 @!@!@
@!@!@STARTMSG 2221:0 @!@!@
  line 391, col 54 to line 391, col 73 of module lock_single: 0
@!@!@ENDMSG 2221 @!@!@
@!@!@STARTMSG 2221:0 @!@!@
  line 392, col 43 to line 392, col 61 of module lock_single: 0
@!@!@ENDMSG 2221 @!@!@
@!@!@STARTMSG 2221:0 @!@!@
  line 393, col 32 to line 393, col 81 of module lock_single: 0
@!@!@ENDMSG 2221 @!@!@
@!@!@STARTMSG 2221:0 @!@!@
  line 394, col 32 to line 397, col 56 of module lock_single: 0
@!@!@ENDMSG 2221 @!@!@
@!@!@STARTMSG 2772:0 @!@!@
<LockUpdateWaterLevel line 399, col 1 to line 399, col 26 of module lock_single>: 0:0
@!@!@ENDMSG 2772 @!@!@
@!@!@STARTMSG 2221:0 @!@!@
  line 399, col 34 to line 399, col 66 of module lock_single: 7
@!@!@ENDMSG 2221 @!@!@
@!@!@STARTMSG 2221:0 @!@!@
  line 401, col 45 to line 401, col 63 of module lock_single: 0
@!@!@ENDMSG 2221 @!@!@
@!@!@STARTMSG 2221:0 @!@!@
  line 404, col 56 to line 404, col 74 of module lock_single: 0
@!@!@ENDMSG 2221 @!@!@
@!@!@STARTMSG 2221:0 @!@!@
  line 406, col 67 to line 406, col 86 of module lock_single: 0
@!@!@ENDMSG 2221 @!@!@
@!@!@STARTMSG 2221:0 @!@!@
  line 409, col 78 to line 409, col 97 of module lock_single: 0
@!@!@ENDMSG 2221 @!@!@
@!@!@STARTMSG 2221:0 @!@!@
  line 411, col 78 to line 411, col 97 of module lock_single: 0
@!@!@ENDMSG 2221 @!@!@
@!@!@STARTMSG 2221:0 @!@!@
  line 412, col 34 to line 412, col 82 of module lock_single: 0
@!@!@ENDMSG 2221 @!@!@
@!@!@STARTMSG 2221:0 @!@!@
  line 413, col 34 to line 416, col 81 of module lock_single: 0
@!@!@ENDMSG 2221 @!@!@
@!@!@STARTMSG 2772:0 @!@!@
<LockCommandFinished line 418, col 1 to line 418, col 25 of module lock_single>: 0:0
@!@!@ENDMSG 2772 @!@!@
@!@!@STARTMSG 2221:0 @!@!@
  line 418, col 33 to line 418, col 64 of module lock_single: 7
@!@!@ENDMSG 2221 @!@!@
@!@!@STARTMSG 2221:0 @!@!@
  line 419, col 33 to line 419, col 90 of module lock_single: 0
@!@!@ENDMSG 2221 @!@!@
@!@!@STARTMSG 2221:0 @!@!@
  line 420, col 33 to line 420, col 80 of module lock_single: 0
@!@!@ENDMSG 2221 @!@!@
@!@!@STARTMSG 2221:0 @!@!@
  line 421, col 33 to line 424, col 80 of module lock_single: 0
@!@!@ENDMSG 2221 @!@!@
@!@!@STARTMSG 2772:0 @!@!@
<ShipNextIteration line 429, col 1 to line 429, col 23 of module lock_single>: 1:2
@!@!@ENDMSG 2772 @!@!@
@!@!@STARTMSG 2221:0 @!@!@
  line 429, col 31 to line 429, col 60 of module lock_single: 9
@!@!@ENDMSG 2221 @!@!@
@!@!@STARTMSG 2221:0 @!@!@
  |line 429, col 31 to line 429, col 38 of module lock_single: 7
@!@!@ENDMSG 2221 @!@!@
@!@!@STARTMSG 2221:0 @!@!@
  line 430, col 34 to line 430, col 58 of module lock_single: 2
@!@!@ENDMSG 2221 @!@!@
@!@!@STARTMSG 2221:0 @!@!@
  line 431, col 45 to line 431, col 66 of module lock_single: 2
@!@!@ENDMSG 2221 @!@!@
@!@!@STARTMSG 2221:0 @!@!@
  line 432, col 53 to line 432, col 101 of module lock_single: 0
@!@!@ENDMSG 2221 @!@!@
@!@!@STARTMSG 2221:0 @!@!@
  line 433, col 56 to line 433, col 62 of module lock_single: 2
@!@!@ENDMSG 2221 @!@!@
@!@!@STARTMSG 2221:0 @!@!@
  line 434, col 61 to line 434, col 108 of module lock_single: 2
@!@!@ENDMSG 2221 @!@!@
@!@!@STARTMSG 2221:0 @!@!@
  line 435, col 64 to line 435, col 114 of module lock_single: 0
@!@!@ENDMSG 2221 @!@!@
@!@!@STARTMSG 2221:0 @!@!@
  line 438, col 64 to line 438, col 112 of module lock_single: 0
@!@!@ENDMSG 2221 @!@!@
@!@!@STARTMSG 2221:0 @!@!@
  line 440, col 75 to line 440, col 119 of module lock_single: 0
@!@!@ENDMSG 2221 @!@!@
@!@!@STARTMSG 2221:0 @!@!@
  line 441, col 75 to line 441, col 125 of module lock_single: 0
@!@!@ENDMSG 2221 @!@!@
@!@!@STARTMSG 2221:0 @!@!@
  line 444, col 53 to line 444, col 96 of module lock_single: 0
@!@!@ENDMSG 2221 @!@!@
@!@!@STARTMSG 2221:0 @!@!@
  line 445, col 31 to line 449, col 55 of module lock_single: 2
@!@!@ENDMSG 2221 @!@!@
@!@!@STARTMSG 2772:0 @!@!@
<ShipGoalReachedEast line 451, col 1 to line 451, col 25 of module lock_single>: 0:0
@!@!@ENDMSG 2772 @!@!@
@!@!@STARTMSG 2221:0 @!@!@
  line 451, col 33 to line 451, col 64 of module lock_single: 6
@!@!@ENDMSG 2221 @!@!@
@!@!@STARTMSG 2221:0 @!@!@
  line 452, col 33 to line 452, col 60 of module lock_single: 0
@!@!@ENDMSG 2221 @!@!@
@!@!@STARTMSG 2221:0 @!@!@
  line 453, col 33 to line 453, col 79 of module lock_single: 0
@!@!@ENDMSG 2221 @!@!@
@!@!@STARTMSG 2221:0 @!@!@
  line 454, col 33 to line 457, col 80 of module lock_single: 0
@!@!@ENDMSG 2221 @!@!@
@!@!@STARTMSG 2772:0 @!@!@
<ShipMoveEast line 459, col 1 to line 459, col 18 of module lock_single>: 0:0
@!@!@ENDMSG 2772 @!@!@
@!@!@STARTMSG 2221:0 @!@!@
  line 459, col 26 to line 459, col 50 of module lock_single: 6
@!@!@ENDMSG 2221 @!@!@
@!@!@STARTMSG 2221:0 @!@!@
  line 463, col 37 to line 463, col 68 of module lock_single: 0
@!@!@ENDMSG 2221 @!@!@
@!@!@STARTMSG 2221:0 @!@!@
  line 465, col 37 to line 465, col 58 of module lock_single: 0
@!@!@ENDMSG 2221 @!@!@
@!@!@STARTMSG 2221:0 @!@!@
  line 466, col 26 to line 466, col 72 of module lock_single: 0
@!@!@ENDMSG 2221 @!@!@
@!@!@STARTMSG 2221:0 @!@!@
  line 467, col 26 to line 469, col 73 of module lock_single: 0
@!@!@ENDMSG 2221 @!@!@
@!@!@STARTMSG 2772:0 @!@!@
<ShipRequestWest line 471, col 1 to line 471, col 21 of module lock_single>: 1:2
@!@!@ENDMSG 2772 @!@!@
@!@!@STARTMSG 2221:0 @!@!@
  line 471, col 29 to line 471, col 56 of module lock_single: 8
@!@!@ENDMSG 2221 @!@!@
@!@!@STARTMSG 2221:0 @!@!@
  |line 471, col 29 to line 471, col 36 of module lock_single: 6
@!@!@ENDMSG 2221 @!@!@
@!@!@STARTMSG 2221:0 @!@!@
  line 472, col 29 to line 472, col 104 of module lock_single: 2
@!@!@ENDMSG 2221 @!@!@
@!@!@STARTMSG 2221:0 @!@!@
  line 473, col 29 to line 473, col 73 of module lock_single: 2
@!@!@ENDMSG 2221 @!@!@
@!@!@STARTMSG 2221:0 @!@!@
  line 474, col 29 to line 477, col 53 of module lock_single: 2
@!@!@ENDMSG 2221 @!@!@
@!@!@STARTMSG 2772:0 @!@!@
<ShipWaitForWest line 479, col 1 to line 479, col 21 of module lock_single>: 0:0
@!@!@ENDMSG 2772 @!@!@
@!@!@STARTMSG 2221:0 @!@!@
  line 479, col 29 to line 479, col 56 of module lock_single: 5
@!@!@ENDMSG 2221 @!@!@
@!@!@STARTMSG 2221:0 @!@!@
  line 480, col 29 to line 480, col 47 of module lock_single: 3
@!@!@ENDMSG 2221 @!@!@
@!@!@STARTMSG 2221:0 @!@!@
  line 481, col 29 to line 481, col 77 of module lock_single: 0
@!@!@ENDMSG 2221 @!@!@
@!@!@STARTMSG 2221:0 @!@!@
  line 482, col 29 to line 482, col 60 of module lock_single: 0
@!@!@ENDMSG 2221 @!@!@
@!@!@STARTMSG 2221:0 @!@!@
  line 485, col 29 to line 485, col 70 of module lock_single: 0
@!@!@ENDMSG 2221 @!@!@
@!@!@STARTMSG 2221:0 @!@!@
  line 486, col 29 to line 489, col 47 of module lock_single: 0
@!@!@ENDMSG 2221 @!@!@
@!@!@STARTMSG 2772:0 @!@!@
<ShipRequestEastInLock line 491, col 1 to line 491, col 27 of module lock_single>: 0:0
@!@!@ENDMSG 2772 @!@!@
@!@!@STARTMSG 2221:0 @!@!@
  line 491, col 35 to line 491, col 68 of module lock_single: 5
@!@!@ENDMSG 2221 @!@!@
@!@!@STARTMSG 2221:0 @!@!@
  line 492, col 35 to line 492, col 110 of module lock_single: 0
@!@!@ENDMSG 2221 @!@!@
@!@!@STARTMSG 2221:0 @!@!@
  line 493, col 35 to line 493, col 85 of module lock_single: 0
@!@!@ENDMSG 2221 @!@!@
@!@!@STARTMSG 2221:0 @!@!@
  line 494, col 35 to line 498, col 53 of module lock_single: 0
@!@!@ENDMSG 2221 @!@!@
@!@!@STARTMSG 2772:0 @!@!@
<ShipWaitForEastInLock line 500, col 1 to line 500, col 27 of module lock_single>: 0:0
@!@!@ENDMSG 2772 @!@!@
@!@!@STARTMSG 2221:0 @!@!@
  line 500, col 35 to line 500, col 68 of module lock_single: 5
@!@!@ENDMSG 2221 @!@!@
@!@!@STARTMSG 2221:0 @!@!@
  line 502, col 35 to line 502, col 83 of module lock_single: 0
@!@!@ENDMSG 2221 @!@!@
@!@!@STARTMSG 2221:0 @!@!@
  line 503, col 35 to line 503, col 66 of module lock_single: 0
@!@!@ENDMSG 2221 @!@!@
@!@!@STARTMSG 2221:0 @!@!@
  line 506, col 35 to line 506, col 76 of module lock_single: 0
@!@!@ENDMSG 2221 @!@!@
@!@!@STARTMSG 2221:0 @!@!@
  line 507, col 35 to line 510, col 76 of module lock_single: 0
@!@!@ENDMSG 2221 @!@!@
@!@!@STARTMSG 2772:0 @!@!@
<ShipTurnAround line 512, col 1 to line 512, col 20 of module lock_single>: 0:0
@!@!@ENDMSG 2772 @!@!@
@!@!@STARTMSG 2221:0 @!@!@
  line 512, col 28 to line 512, col 54 of module lock_single: 5
@!@!@ENDMSG 2221 @!@!@
@!@!@STARTMSG 2221:0 @!@!@
  line 513, col 28 to line 513, col 104 of module lock_single: 0
@!@!@ENDMSG 2221 @!@!@
@!@!@STARTMSG 2221:0 @!@!@
  line 514, col 28 to line 514, col 74 of module lock_single: 0
@!@!@ENDMSG 2221 @!@!@
@!@!@STARTMSG 2221:0 @!@!@
  line 515, col 28 to line 517, col 75 of module lock_single: 0
@!@!@ENDMSG 2221 @!@!@
@!@!@STARTMSG 2772:0 @!@!@
<ShipGoalReachedWest line 519, col 1 to line 519, col 25 of module lock_single>: 0:0
@!@!@ENDMSG 2772 @!@!@
@!@!@STARTMSG 2221:0 @!@!@
  line 519, col 33 to line 519, col 64 of module lock_single: 5
@!@!@ENDMSG 2221 @!@!@
@!@!@STARTMSG 2221:0 @!@!@
  line 520, col 33 to line 520, col 60 of module lock_single: 0
@!@!@ENDMSG 2221 @!@!@
@!@!@STARTMSG 2221:0 @!@!@
  line 521, col 33 to line 521, col 79 of module lock_single: 0
@!@!@ENDMSG 2221 @!@!@
@!@!@STARTMSG 2221:0 @!@!@
  line 522, col 33 to line 525, col 80 of module lock_single: 0
@!@!@ENDMSG 2221 @!@!@
@!@!@STARTMSG 2772:0 @!@!@
<ShipMoveWest line 527, col 1 to line 527, col 18 of module lock_single>: 0:0
@!@!@ENDMSG 2772 @!@!@
@!@!@STARTMSG 2221:0 @!@!@
  line 527, col 26 to line 527, col 50 of module lock_single: 5
@!@!@ENDMSG 2221 @!@!@
@!@!@STARTMSG 2221:0 @!@!@
  line 531, col 37 to line 531, col 68 of module lock_single: 0
@!@!@ENDMSG 2221 @!@!@
@!@!@STARTMSG 2221:0 @!@!@
  line 533, col 37 to line 533, col 58 of module lock_single: 0
@!@!@ENDMSG 2221 @!@!@
@!@!@STARTMSG 2221:0 @!@!@
  line 534, col 26 to line 534, col 72 of module lock_single: 0
@!@!@ENDMSG 2221 @!@!@
@!@!@STARTMSG 2221:0 @!@!@
  line 535, col 26 to line 537, col 73 of module lock_single: 0
@!@!@ENDMSG 2221 @!@!@
@!@!@STARTMSG 2772:0 @!@!@
<ShipRequestEast line 539, col 1 to line 539, col 21 of module lock_single>: 0:0
@!@!@ENDMSG 2772 @!@!@
@!@!@STARTMSG 2221:0 @!@!@
  line 539, col 29 to line 539, col 56 of module lock_single: 5
@!@!@ENDMSG 2221 @!@!@
@!@!@STARTMSG 2221:0 @!@!@
  line 540, col 29 to line 540, col 104 of module lock_single: 0
@!@!@ENDMSG 2221 @!@!@
@!@!@STARTMSG 2221:0 @!@!@
  line 541, col 29 to line 541, col 73 of module lock_single: 0
@!@!@ENDMSG 2221 @!@!@
@!@!@STARTMSG 2221:0 @!@!@
  line 542, col 29 to line 545, col 53 of module lock_single: 0
@!@!@ENDMSG 2221 @!@!@
@!@!@STARTMSG 2772:0 @!@!@
<ShipWaitForEast line 547, col 1 to line 547, col 21 of module lock_single>: 0:0
@!@!@ENDMSG 2772 @!@!@
@!@!@STARTMSG 2221:0 @!@!@
  line 547, col 29 to line 547, col 56 of module lock_single: 5
@!@!@ENDMSG 2221 @!@!@
@!@!@STARTMSG 2221:0 @!@!@
  line 549, col 29 to line 549, col 77 of module lock_single: 0
@!@!@ENDMSG 2221 @!@!@
@!@!@STARTMSG 2221:0 @!@!@
  line 550, col 29 to line 550, col 60 of module lock_single: 0
@!@!@ENDMSG 2221 @!@!@
@!@!@STARTMSG 2221:0 @!@!@
  line 553, col 29 to line 553, col 70 of module lock_single: 0
@!@!@ENDMSG 2221 @!@!@
@!@!@STARTMSG 2221:0 @!@!@
  line 554, col 29 to line 557, col 47 of module lock_single: 0
@!@!@ENDMSG 2221 @!@!@
@!@!@STARTMSG 2772:0 @!@!@
<ShipRequestWestInLock line 559, col 1 to line 559, col 27 of module lock_single>: 0:0
@!@!@ENDMSG 2772 @!@!@
@!@!@STARTMSG 2221:0 @!@!@
  line 559, col 35 to line 559, col 68 of module lock_single: 5
@!@!@ENDMSG 2221 @!@!@
@!@!@STARTMSG 2221:0 @!@!@
  line 560, col 35 to line 560, col 110 of module lock_single: 0
@!@!@ENDMSG 2221 @!@!@
@!@!@STARTMSG 2221:0 @!@!@
  line 561, col 35 to line 561, col 85 of module lock_single: 0
@!@!@ENDMSG 2221 @!@!@
@!@!@STARTMSG 2221:0 @!@!@
  line 562, col 35 to line 566, col 53 of module lock_single: 0
@!@!@ENDMSG 2221 @!@!@
@!@!@STARTMSG 2772:0 @!@!@
<ShipWaitForWestInLock line 568, col 1 to line 568, col 27 of module lock_single>: 0:0
@!@!@ENDMSG 2772 @!@!@
@!@!@STARTMSG 2221:0 @!@!@
  line 568, col 35 to line 568, col 68 of module lock_single: 5
@!@!@ENDMSG 2221 @!@!@
@!@!@STARTMSG 2221:0 @!@!@
  line 570, col 35 to line 570, col 83 of module lock_single: 0
@!@!@ENDMSG 2221 @!@!@
@!@!@STARTMSG 2221:0 @!@!@
  line 571, col 35 to line 571, col 66 of module lock_single: 0
@!@!@ENDMSG 2221 @!@!@
@!@!@STARTMSG 2221:0 @!@!@
  line 574, col 35 to line 574, col 76 of module lock_single: 0
@!@!@ENDMSG 2221 @!@!@
@!@!@STARTMSG 2221:0 @!@!@
  line 575, col 35 to line 578, col 76 of module lock_single: 0
@!@!@ENDMSG 2221 @!@!@
@!@!@STARTMSG 2772:0 @!@!@
<ControlStart line 591, col 1 to line 591, col 12 of module lock_single>: 1:2
@!@!@ENDMSG 2772 @!@!@
@!@!@STARTMSG 2221:0 @!@!@
  line 591, col 20 to line 591, col 41 of module lock_single: 11
@!@!@ENDMSG 2221 @!@!@
@!@!@STARTMSG 2221:0 @!@!@
  |line 591, col 20 to line 591, col 24 of module lock_single: 9
@!@!@ENDMSG 2221 @!@!@
@!@!@STARTMSG 2221:0 @!@!@
  line 592, col 20 to line 592, col 35 of module lock_single: 8
@!@!@ENDMSG 2221 @!@!@
@!@!@STARTMSG 2221:0 @!@!@
  |line 592, col 20 to line 592, col 27 of module lock_single: 6
@!@!@ENDMSG 2221 @!@!@
@!@!@STARTMSG 2221:0 @!@!@
  |line 592, col 32 to line 592, col 35 of module lock_single: 6
@!@!@ENDMSG 2221 @!@!@
@!@!@STARTMSG 2221:0 @!@!@
  line 593, col 20 to line 593, col 40 of module lock_single: 2
@!@!@ENDMSG 2221 @!@!@
@!@!@STARTMSG 2221:0 @!@!@
  line 594, col 20 to line 594, col 45 of module lock_single: 2
@!@!@ENDMSG 2221 @!@!@
@!@!@STARTMSG 2221:0 @!@!@
  line 595, col 20 to line 596, col 72 of module lock_single: 2
@!@!@ENDMSG 2221 @!@!@
@!@!@STARTMSG 2221:0 @!@!@
  line 597, col 20 to line 597, col 60 of module lock_single: 2
@!@!@ENDMSG 2221 @!@!@
@!@!@STARTMSG 2221:0 @!@!@
  line 598, col 20 to line 600, col 65 of module lock_single: 2
@!@!@ENDMSG 2221 @!@!@
@!@!@STARTMSG 2772:0 @!@!@
<DirectionCheck line 602, col 1 to line 602, col 14 of module lock_single>: 1:2
@!@!@ENDMSG 2772 @!@!@
@!@!@STARTMSG 2221:0 @!@!@
  line 602, col 22 to line 602, col 45 of module lock_single: 10
@!@!@ENDMSG 2221 @!@!@
@!@!@STARTMSG 2221:0 @!@!@
  |line 602, col 22 to line 602, col 26 of module lock_single: 8
@!@!@ENDMSG 2221 @!@!@
@!@!@STARTMSG 2221:0 @!@!@
  line 603, col 25 to line 603, col 52 of module lock_single: 2
@!@!@ENDMSG 2221 @!@!@
@!@!@STARTMSG 2221:0 @!@!@
  line 604, col 36 to line 604, col 56 of module lock_single: 2
@!@!@ENDMSG 2221 @!@!@
@!@!@STARTMSG 2221:0 @!@!@
  line 606, col 55 to line 606, col 91 of module lock_single: 0
@!@!@ENDMSG 2221 @!@!@
@!@!@STARTMSG 2221:0 @!@!@
  line 607, col 55 to line 607, col 93 of module lock_single: 0
@!@!@ENDMSG 2221 @!@!@
@!@!@STARTMSG 2221:0 @!@!@
  line 608, col 41 to line 608, col 82 of module lock_single: 2
@!@!@ENDMSG 2221 @!@!@
@!@!@STARTMSG 2221:0 @!@!@
  line 609, col 33 to line 609, col 63 of module lock_single: 0
@!@!@ENDMSG 2221 @!@!@
@!@!@STARTMSG 2221:0 @!@!@
  line 610, col 22 to line 613, col 40 of module lock_single: 2
@!@!@ENDMSG 2221 @!@!@
@!@!@STARTMSG 2772:0 @!@!@
<OpenWestDoor line 615, col 1 to line 615, col 12 of module lock_single>: 0:0
@!@!@ENDMSG 2772 @!@!@
@!@!@STARTMSG 2221:0 @!@!@
  line 615, col 20 to line 615, col 41 of module lock_single: 7
@!@!@ENDMSG 2221 @!@!@
@!@!@STARTMSG 2221:0 @!@!@
  line 616, col 20 to line 616, col 93 of module lock_single: 0
@!@!@ENDMSG 2221 @!@!@
@!@!@STARTMSG 2221:0 @!@!@
  |line 616, col 35 to line 616, col 93 of module lock_single: 1
@!@!@ENDMSG 2221 @!@!@
@!@!@STARTMSG 2221:0 @!@!@
  line 617, col 20 to line 617, col 52 of module lock_single: 1
@!@!@ENDMSG 2221 @!@!@
@!@!@STARTMSG 2221:0 @!@!@
  line 618, col 20 to line 618, col 59 of module lock_single: 0
@!@!@ENDMSG 2221 @!@!@
@!@!@STARTMSG 2221:0 @!@!@
  line 619, col 20 to line 621, col 57 of module lock_single: 0
@!@!@ENDMSG 2221 @!@!@
@!@!@STARTMSG 2772:0 @!@!@
<CloseEastDoor line 623, col 1 to line 623, col 13 of module lock_single>: 0:0
@!@!@ENDMSG 2772 @!@!@
@!@!@STARTMSG 2221:0 @!@!@
  line 623, col 21 to line 623, col 43 of module lock_single: 7
@!@!@ENDMSG 2221 @!@!@
@!@!@STARTMSG 2221:0 @!@!@
  line 624, col 21 to line 624, col 95 of module lock_single: 0
@!@!@ENDMSG 2221 @!@!@
@!@!@STARTMSG 2221:0 @!@!@
  line 626, col 21 to line 626, col 115 of module lock_single: 0
@!@!@ENDMSG 2221 @!@!@
@!@!@STARTMSG 2221:0 @!@!@
  line 628, col 21 to line 628, col 51 of module lock_single: 0
@!@!@ENDMSG 2221 @!@!@
@!@!@STARTMSG 2221:0 @!@!@
  line 629, col 21 to line 631, col 55 of module lock_single: 0
@!@!@ENDMSG 2221 @!@!@
@!@!@STARTMSG 2772:0 @!@!@
<OpenLowValve line 633, col 1 to line 633, col 12 of module lock_single>: 0:0
@!@!@ENDMSG 2772 @!@!@
@!@!@STARTMSG 2221:0 @!@!@
  line 633, col 20 to line 633, col 41 of module lock_single: 7
@!@!@ENDMSG 2221 @!@!@
@!@!@STARTMSG 2221:0 @!@!@
  line 634, col 20 to line 634, col 93 of module lock_single: 0
@!@!@ENDMSG 2221 @!@!@
@!@!@STARTMSG 2221:0 @!@!@
  line 636, col 20 to line 636, col 59 of module lock_single: 0
@!@!@ENDMSG 2221 @!@!@
@!@!@STARTMSG 2221:0 @!@!@
  line 637, col 20 to line 639, col 57 of module lock_single: 0
@!@!@ENDMSG 2221 @!@!@
@!@!@STARTMSG 2772:0 @!@!@
<CloseLowValve line 641, col 1 to line 641, col 13 of module lock_single>: 0:0
@!@!@ENDMSG 2772 @!@!@
@!@!@STARTMSG 2221:0 @!@!@
  line 641, col 21 to line 641, col 43 of module lock_single: 7
@!@!@ENDMSG 2221 @!@!@
@!@!@STARTMSG 2221:0 @!@!@
  line 642, col 21 to line 642, col 95 of module lock_single: 0
@!@!@ENDMSG 2221 @!@!@
@!@!@STARTMSG 2221:0 @!@!@
  line 644, col 21 to line 644, col 59 of module lock_single: 0
@!@!@ENDMSG 2221 @!@!@
@!@!@STARTMSG 2221:0 @!@!@
  line 645, col 21 to line 647, col 68 of module lock_single: 0
@!@!@ENDMSG 2221 @!@!@
@!@!@STARTMSG 2772:0 @!@!@
<CloseDoors line 649, col 1 to line 649, col 10 of module lock_single>: 0:0
@!@!@ENDMSG 2772 @!@!@
@!@!@STARTMSG 2221:0 @!@!@
  line 649, col 18 to line 649, col 37 of module lock_single: 7
@!@!@ENDMSG 2221 @!@!@
@!@!@STARTMSG 2221:0 @!@!@
  line 650, col 18 to line 650, col 94 of module lock_single: 0
@!@!@ENDMSG 2221 @!@!@
@!@!@STARTMSG 2221:0 @!@!@
  line 652, col 18 to line 652, col 56 of module lock_single: 0
@!@!@ENDMSG 2221 @!@!@
@!@!@STARTMSG 2221:0 @!@!@
  line 653, col 18 to line 655, col 55 of module lock_single: 0
@!@!@ENDMSG 2221 @!@!@
@!@!@STARTMSG 2774:0 @!@!@
<TypeOK line 308, col 1 to line 308, col 6 of module lock_single>
@!@!@ENDMSG 2774 @!@!@
@!@!@STARTMSG 2221:0 @!@!@
  line 308, col 11 to line 323, col 47 of module lock_single: 5
@!@!@ENDMSG 2221 @!@!@
@!@!@STARTMSG 2221:0 @!@!@
  |line 308, col 14 to line 308, col 48 of module lock_single: 5
@!@!@ENDMSG 2221 @!@!@
@!@!@STARTMSG 2221:0 @!@!@
  |line 309, col 14 to line 309, col 59 of module lock_single: 5
@!@!@ENDMSG 2221 @!@!@
@!@!@STARTMSG 2221:0 @!@!@
  ||line 309, col 35 to line 309, col 59 of module lock_single: 10
@!@!@ENDMSG 2221 @!@!@
@!@!@STARTMSG 2221:0 @!@!@
  ||line 309, col 24 to line 309, col 31 of module lock_single: 5
@!@!@ENDMSG 2221 @!@!@
@!@!@STARTMSG 2221:0 @!@!@
  |line 310, col 14 to line 310, col 61 of module lock_single: 5
@!@!@ENDMSG 2221 @!@!@
@!@!@STARTMSG 2221:0 @!@!@
  ||line 310, col 36 to line 310, col 61 of module lock_single: 10
@!@!@ENDMSG 2221 @!@!@
@!@!@STARTMSG 2221:0 @!@!@
  ||line 310, col 24 to line 310, col 32 of module lock_single: 5
@!@!@ENDMSG 2221 @!@!@
@!@!@STARTMSG 2221:0 @!@!@
  |line 311, col 14 to line 311, col 38 of module lock_single: 5
@!@!@ENDMSG 2221 @!@!@
@!@!@STARTMSG 2221:0 @!@!@
  |line 312, col 14 to line 312, col 48 of module lock_single: 5
@!@!@ENDMSG 2221 @!@!@
@!@!@STARTMSG 2221:0 @!@!@
  |line 313, col 14 to line 313, col 41 of module lock_single: 5
@!@!@ENDMSG 2221 @!@!@
@!@!@STARTMSG 2221:0 @!@!@
  |line 314, col 14 to line 314, col 59 of module lock_single: 5
@!@!@ENDMSG 2221 @!@!@
@!@!@STARTMSG 2221:0 @!@!@
  |line 315, col 14 to line 315, col 39 of module lock_single: 5
@!@!@ENDMSG 2221 @!@!@
@!@!@STARTMSG 2221:0 @!@!@
  |line 316, col 14 to line 316, col 38 of module lock_single: 5
@!@!@ENDMSG 2221 @!@!@
@!@!@STARTMSG 2221:0 @!@!@
  |line 317, col 14 to line 319, col 52 of module lock_single: 5
@!@!@ENDMSG 2221 @!@!@
@!@!@STARTMSG 2221:0 @!@!@
  |line 320, col 14 to line 323, col 47 of module lock_single: 5
@!@!@ENDMSG 2221 @!@!@
@!@!@STARTMSG 2221:0 @!@!@
  ||line 321, col 16 to line 323, col 47 of module lock_single: 1
@!@!@ENDMSG 2221 @!@!@
@!@!@STARTMSG 2221:0 @!@!@
  ||line 320, col 23 to line 320, col 38 of module lock_single: 5
@!@!@ENDMSG 2221 @!@!@
@!@!@STARTMSG 2774:0 @!@!@
<MessagesOK line 326, col 1 to line 326, col 10 of module lock_single>
@!@!@ENDMSG 2774 @!@!@
@!@!@STARTMSG 2221:0 @!@!@
  line 326, col 15 to line 327, col 38 of module lock_single: 5
@!@!@ENDMSG 2221 @!@!@
@!@!@STARTMSG 2202:0 @!@!@
End of statistics.
@!@!@ENDMSG 2202 @!@!@
@!@!@STARTMSG 2200:0 @!@!@
Progress(5) at 2025-10-07 11:48:34: 5 states generated (131 s/min), 5 distinct states found (131 ds/min), 0 states left on queue.
@!@!@ENDMSG 2200 @!@!@
@!@!@STARTMSG 2199:0 @!@!@
5 states generated, 5 distinct states found, 0 states left on queue.
@!@!@ENDMSG 2199 @!@!@
@!@!@STARTMSG 2194:0 @!@!@
The depth of the complete state graph search is 5.
@!@!@ENDMSG 2194 @!@!@
@!@!@STARTMSG 2268:0 @!@!@
The average outdegree of the complete state graph is 1 (minimum is 0, the maximum 1 and the 95th percentile is 1).
@!@!@ENDMSG 2268 @!@!@
@!@!@STARTMSG 2186:0 @!@!@
Finished in 2317ms at (2025-10-07 11:48:34)
@!@!@ENDMSG 2186 @!@!@
