@!@!@STARTMSG 2262:0 @!@!@
TLC2 Version 2.19 of 08 August 2024 (rev: 5a47802)
@!@!@ENDMSG 2262 @!@!@
@!@!@STARTMSG 2187:0 @!@!@
Running breadth-first search Model-Checking with fp 48 and seed 2134809885872059527 with 6 workers on 8 cores with 608MB heap and 1365MB offheap memory [pid: 9941] (Mac OS X 10.16 x86_64, AdoptOpenJDK 14.0.1 x86_64, OffHeapDiskFPSet, DiskStateQueue).
@!@!@ENDMSG 2187 @!@!@
@!@!@STARTMSG 2220:0 @!@!@
Starting SANY...
@!@!@ENDMSG 2220 @!@!@
Parsing file /Users/iyladakeekarjai/Documents/TUe/Y2/Q1/Software Specification/LockSystem/lock_system.toolbox/model_single/MC.tla
Parsing file /Users/iyladakeekarjai/Documents/TUe/Y2/Q1/Software Specification/LockSystem/lock_system.toolbox/model_single/lock_system.tla
Parsing file /private/var/folders/82/49nh_qz14ps88s085l16z6th0000gn/T/AppTranslocation/357A0A51-E8B6-47D2-8E1C-BA9CC254DDCA/d/TLA+ Toolbox.app/Contents/Eclipse/plugins/org.lamport.tlatools_1.0.0.202408081326/tla2sany/StandardModules/TLC.tla
Parsing file /Users/iyladakeekarjai/Documents/TUe/Y2/Q1/Software Specification/LockSystem/lock_system.toolbox/model_single/lock_single.tla
Parsing file /Users/iyladakeekarjai/Documents/TUe/Y2/Q1/Software Specification/LockSystem/lock_system.toolbox/model_single/lock_data.tla
Parsing file /private/var/folders/82/49nh_qz14ps88s085l16z6th0000gn/T/AppTranslocation/357A0A51-E8B6-47D2-8E1C-BA9CC254DDCA/d/TLA+ Toolbox.app/Contents/Eclipse/plugins/org.lamport.tlatools_1.0.0.202408081326/tla2sany/StandardModules/Integers.tla
Parsing file /private/var/folders/82/49nh_qz14ps88s085l16z6th0000gn/T/AppTranslocation/357A0A51-E8B6-47D2-8E1C-BA9CC254DDCA/d/TLA+ Toolbox.app/Contents/Eclipse/plugins/org.lamport.tlatools_1.0.0.202408081326/tla2sany/StandardModules/Sequences.tla
Parsing file /private/var/folders/82/49nh_qz14ps88s085l16z6th0000gn/T/AppTranslocation/357A0A51-E8B6-47D2-8E1C-BA9CC254DDCA/d/TLA+ Toolbox.app/Contents/Eclipse/plugins/org.lamport.tlatools_1.0.0.202408081326/tla2sany/StandardModules/FiniteSets.tla
Parsing file /private/var/folders/82/49nh_qz14ps88s085l16z6th0000gn/T/AppTranslocation/357A0A51-E8B6-47D2-8E1C-BA9CC254DDCA/d/TLA+ Toolbox.app/Contents/Eclipse/plugins/org.lamport.tlatools_1.0.0.202408081326/tla2sany/StandardModules/Naturals.tla
Semantic processing of module Naturals
Semantic processing of module Integers
Semantic processing of module Sequences
Semantic processing of module FiniteSets
Semantic processing of module TLC
Semantic processing of module lock_data
Semantic processing of module lock_single
Semantic processing of module lock_system
Semantic processing of module MC
@!@!@STARTMSG 2219:0 @!@!@
SANY finished.
@!@!@ENDMSG 2219 @!@!@
@!@!@STARTMSG 2185:0 @!@!@
Starting... (2025-10-07 12:10:13)
@!@!@ENDMSG 2185 @!@!@
@!@!@STARTMSG 2189:0 @!@!@
Computing initial states...
@!@!@ENDMSG 2189 @!@!@
@!@!@STARTMSG 2190:0 @!@!@
Finished computing initial states: 1 distinct state generated at 2025-10-07 12:10:13.
@!@!@ENDMSG 2190 @!@!@
@!@!@STARTMSG 2114:1 @!@!@
Deadlock reached.
@!@!@ENDMSG 2114 @!@!@
@!@!@STARTMSG 2121:1 @!@!@
The behavior up to this point is:
@!@!@ENDMSG 2121 @!@!@
@!@!@STARTMSG 2217:4 @!@!@
1: <Initial predicate>
/\ requests = <<>>
/\ pc = (0 :> "ControlStart" @@ 1 :> "LockWaitForCommand" @@ 2 :> "ShipNextIteration")
/\ shipLocation = 0
/\ permissions = <<>>
/\ req = [side |-> "", lock |-> 0, ship |-> 0]
/\ valvesOpen = [low |-> FALSE, high |-> FALSE]
/\ waterLevel = "low"
/\ perm = (2 :> [lock |-> 1, granted |-> FALSE])
/\ shipStatus = "go_to_east"
/\ lockCommand = [command |-> "finished", open |-> FALSE, side |-> "west"]
/\ lockOrientation = "west_low"
/\ doorsOpen = [west |-> FALSE, east |-> FALSE]

@!@!@ENDMSG 2217 @!@!@
@!@!@STARTMSG 2217:4 @!@!@
2: <ShipNextIteration line 411, col 28 to line 431, col 55 of module lock_single>
/\ requests = <<>>
/\ pc = (0 :> "ControlStart" @@ 1 :> "LockWaitForCommand" @@ 2 :> "ShipRequestWest")
/\ shipLocation = 0
/\ permissions = <<>>
/\ req = [side |-> "", lock |-> 0, ship |-> 0]
/\ valvesOpen = [low |-> FALSE, high |-> FALSE]
/\ waterLevel = "low"
/\ perm = (2 :> [lock |-> 1, granted |-> FALSE])
/\ shipStatus = "go_to_east"
/\ lockCommand = [command |-> "finished", open |-> FALSE, side |-> "west"]
/\ lockOrientation = "west_low"
/\ doorsOpen = [west |-> FALSE, east |-> FALSE]

@!@!@ENDMSG 2217 @!@!@
@!@!@STARTMSG 2217:4 @!@!@
3: <ShipRequestWest line 453, col 26 to line 459, col 53 of module lock_single>
/\ requests = <<[side |-> "west", lock |-> 1, ship |-> 2]>>
/\ pc = (0 :> "ControlStart" @@ 1 :> "LockWaitForCommand" @@ 2 :> "ShipWaitForWest")
/\ shipLocation = 0
/\ permissions = <<>>
/\ req = [side |-> "", lock |-> 0, ship |-> 0]
/\ valvesOpen = [low |-> FALSE, high |-> FALSE]
/\ waterLevel = "low"
/\ perm = (2 :> [lock |-> 1, granted |-> FALSE])
/\ shipStatus = "go_to_east"
/\ lockCommand = [command |-> "finished", open |-> FALSE, side |-> "west"]
/\ lockOrientation = "west_low"
/\ doorsOpen = [west |-> FALSE, east |-> FALSE]

@!@!@ENDMSG 2217 @!@!@
@!@!@STARTMSG 2217:4 @!@!@
4: <ControlStart line 573, col 17 to line 582, col 65 of module lock_single>
/\ requests = <<>>
/\ pc = ( 0 :> "HandleWestRequest" @@
  1 :> "LockWaitForCommand" @@
  2 :> "ShipWaitForWest" )
/\ shipLocation = 0
/\ permissions = <<>>
/\ req = [side |-> "west", lock |-> 1, ship |-> 2]
/\ valvesOpen = [low |-> FALSE, high |-> FALSE]
/\ waterLevel = "low"
/\ perm = (2 :> [lock |-> 1, granted |-> FALSE])
/\ shipStatus = "go_to_east"
/\ lockCommand = [command |-> "finished", open |-> FALSE, side |-> "west"]
/\ lockOrientation = "west_low"
/\ doorsOpen = [west |-> FALSE, east |-> FALSE]

@!@!@ENDMSG 2217 @!@!@
@!@!@STARTMSG 2217:4 @!@!@
5: <HandleWestRequest line 584, col 22 to line 591, col 43 of module lock_single>
/\ requests = <<>>
/\ pc = (0 :> "WaitForReady" @@ 1 :> "LockWaitForCommand" @@ 2 :> "ShipWaitForWest")
/\ shipLocation = 0
/\ permissions = <<>>
/\ req = [side |-> "west", lock |-> 1, ship |-> 2]
/\ valvesOpen = [low |-> FALSE, high |-> FALSE]
/\ waterLevel = "low"
/\ perm = (2 :> [lock |-> 1, granted |-> FALSE])
/\ shipStatus = "go_to_east"
/\ lockCommand = [command |-> "finished", open |-> FALSE, side |-> "west"]
/\ lockOrientation = "west_low"
/\ doorsOpen = [west |-> FALSE, east |-> FALSE]

@!@!@ENDMSG 2217 @!@!@
@!@!@STARTMSG 2217:4 @!@!@
6: <WaitForReady line 593, col 17 to line 598, col 80 of module lock_single>
/\ requests = <<>>
/\ pc = (0 :> "OpenWestDoor" @@ 1 :> "LockWaitForCommand" @@ 2 :> "ShipWaitForWest")
/\ shipLocation = 0
/\ permissions = <<>>
/\ req = [side |-> "west", lock |-> 1, ship |-> 2]
/\ valvesOpen = [low |-> FALSE, high |-> FALSE]
/\ waterLevel = "low"
/\ perm = (2 :> [lock |-> 1, granted |-> FALSE])
/\ shipStatus = "go_to_east"
/\ lockCommand = [command |-> "finished", open |-> FALSE, side |-> "west"]
/\ lockOrientation = "west_low"
/\ doorsOpen = [west |-> FALSE, east |-> FALSE]

@!@!@ENDMSG 2217 @!@!@
@!@!@STARTMSG 2217:4 @!@!@
7: <OpenWestDoor line 600, col 17 to line 605, col 57 of module lock_single>
/\ requests = <<>>
/\ pc = (0 :> "WestDoorOpened" @@ 1 :> "LockWaitForCommand" @@ 2 :> "ShipWaitForWest")
/\ shipLocation = 0
/\ permissions = <<>>
/\ req = [side |-> "west", lock |-> 1, ship |-> 2]
/\ valvesOpen = [low |-> FALSE, high |-> FALSE]
/\ waterLevel = "low"
/\ perm = (2 :> [lock |-> 1, granted |-> FALSE])
/\ shipStatus = "go_to_east"
/\ lockCommand = [command |-> "change_door", open |-> TRUE, side |-> "west"]
/\ lockOrientation = "west_low"
/\ doorsOpen = [west |-> FALSE, east |-> FALSE]

@!@!@ENDMSG 2217 @!@!@
@!@!@STARTMSG 2217:4 @!@!@
8: <LockWaitForCommand line 364, col 29 to line 379, col 56 of module lock_single>
/\ requests = <<>>
/\ pc = (0 :> "WestDoorOpened" @@ 1 :> "LockUpdateWaterLevel" @@ 2 :> "ShipWaitForWest")
/\ shipLocation = 0
/\ permissions = <<>>
/\ req = [side |-> "west", lock |-> 1, ship |-> 2]
/\ valvesOpen = [low |-> FALSE, high |-> FALSE]
/\ waterLevel = "low"
/\ perm = (2 :> [lock |-> 1, granted |-> FALSE])
/\ shipStatus = "go_to_east"
/\ lockCommand = [command |-> "change_door", open |-> TRUE, side |-> "west"]
/\ lockOrientation = "west_low"
/\ doorsOpen = [west |-> TRUE, east |-> FALSE]

@!@!@ENDMSG 2217 @!@!@
@!@!@STARTMSG 2217:4 @!@!@
9: <LockUpdateWaterLevel line 381, col 31 to line 398, col 81 of module lock_single>
/\ requests = <<>>
/\ pc = (0 :> "WestDoorOpened" @@ 1 :> "LockCommandFinished" @@ 2 :> "ShipWaitForWest")
/\ shipLocation = 0
/\ permissions = <<>>
/\ req = [side |-> "west", lock |-> 1, ship |-> 2]
/\ valvesOpen = [low |-> FALSE, high |-> FALSE]
/\ waterLevel = "low"
/\ perm = (2 :> [lock |-> 1, granted |-> FALSE])
/\ shipStatus = "go_to_east"
/\ lockCommand = [command |-> "change_door", open |-> TRUE, side |-> "west"]
/\ lockOrientation = "west_low"
/\ doorsOpen = [west |-> TRUE, east |-> FALSE]

@!@!@ENDMSG 2217 @!@!@
@!@!@STARTMSG 2217:4 @!@!@
10: <LockCommandFinished line 400, col 30 to line 406, col 80 of module lock_single>
/\ requests = <<>>
/\ pc = (0 :> "WestDoorOpened" @@ 1 :> "LockWaitForCommand" @@ 2 :> "ShipWaitForWest")
/\ shipLocation = 0
/\ permissions = <<>>
/\ req = [side |-> "west", lock |-> 1, ship |-> 2]
/\ valvesOpen = [low |-> FALSE, high |-> FALSE]
/\ waterLevel = "low"
/\ perm = (2 :> [lock |-> 1, granted |-> FALSE])
/\ shipStatus = "go_to_east"
/\ lockCommand = [command |-> "finished", open |-> TRUE, side |-> "west"]
/\ lockOrientation = "west_low"
/\ doorsOpen = [west |-> TRUE, east |-> FALSE]

@!@!@ENDMSG 2217 @!@!@
@!@!@STARTMSG 2217:4 @!@!@
11: <WestDoorOpened line 607, col 19 to line 613, col 69 of module lock_single>
/\ requests = <<>>
/\ pc = (0 :> "Done" @@ 1 :> "LockWaitForCommand" @@ 2 :> "ShipWaitForWest")
/\ shipLocation = 0
/\ permissions = <<[lock |-> 1, granted |-> TRUE]>>
/\ req = [side |-> "west", lock |-> 1, ship |-> 2]
/\ valvesOpen = [low |-> FALSE, high |-> FALSE]
/\ waterLevel = "low"
/\ perm = (2 :> [lock |-> 1, granted |-> FALSE])
/\ shipStatus = "go_to_east"
/\ lockCommand = [command |-> "finished", open |-> TRUE, side |-> "west"]
/\ lockOrientation = "west_low"
/\ doorsOpen = [west |-> TRUE, east |-> FALSE]

@!@!@ENDMSG 2217 @!@!@
@!@!@STARTMSG 2217:4 @!@!@
12: <ShipWaitForWest line 461, col 26 to line 471, col 47 of module lock_single>
/\ requests = <<>>
/\ pc = (0 :> "Done" @@ 1 :> "LockWaitForCommand" @@ 2 :> "ShipMoveEast")
/\ shipLocation = 0
/\ permissions = <<>>
/\ req = [side |-> "west", lock |-> 1, ship |-> 2]
/\ valvesOpen = [low |-> FALSE, high |-> FALSE]
/\ waterLevel = "low"
/\ perm = (2 :> [lock |-> 1, granted |-> TRUE])
/\ shipStatus = "go_to_east"
/\ lockCommand = [command |-> "finished", open |-> TRUE, side |-> "west"]
/\ lockOrientation = "west_low"
/\ doorsOpen = [west |-> TRUE, east |-> FALSE]

@!@!@ENDMSG 2217 @!@!@
@!@!@STARTMSG 2217:4 @!@!@
13: <ShipMoveEast line 441, col 23 to line 451, col 73 of module lock_single>
/\ requests = <<>>
/\ pc = (0 :> "Done" @@ 1 :> "LockWaitForCommand" @@ 2 :> "ShipNextIteration")
/\ shipLocation = 1
/\ permissions = <<>>
/\ req = [side |-> "west", lock |-> 1, ship |-> 2]
/\ valvesOpen = [low |-> FALSE, high |-> FALSE]
/\ waterLevel = "low"
/\ perm = (2 :> [lock |-> 1, granted |-> TRUE])
/\ shipStatus = "go_to_east"
/\ lockCommand = [command |-> "finished", open |-> TRUE, side |-> "west"]
/\ lockOrientation = "west_low"
/\ doorsOpen = [west |-> TRUE, east |-> FALSE]

@!@!@ENDMSG 2217 @!@!@
@!@!@STARTMSG 2217:4 @!@!@
14: <ShipNextIteration line 411, col 28 to line 431, col 55 of module lock_single>
/\ requests = <<>>
/\ pc = (0 :> "Done" @@ 1 :> "LockWaitForCommand" @@ 2 :> "ShipRequestEastInLock")
/\ shipLocation = 1
/\ permissions = <<>>
/\ req = [side |-> "west", lock |-> 1, ship |-> 2]
/\ valvesOpen = [low |-> FALSE, high |-> FALSE]
/\ waterLevel = "low"
/\ perm = (2 :> [lock |-> 1, granted |-> TRUE])
/\ shipStatus = "go_to_east"
/\ lockCommand = [command |-> "finished", open |-> TRUE, side |-> "west"]
/\ lockOrientation = "west_low"
/\ doorsOpen = [west |-> TRUE, east |-> FALSE]

@!@!@ENDMSG 2217 @!@!@
@!@!@STARTMSG 2217:4 @!@!@
15: <ShipRequestEastInLock line 473, col 32 to line 480, col 53 of module lock_single>
/\ requests = <<[side |-> "east", lock |-> 1, ship |-> 2]>>
/\ pc = (0 :> "Done" @@ 1 :> "LockWaitForCommand" @@ 2 :> "ShipWaitForEastInLock")
/\ shipLocation = 1
/\ permissions = <<>>
/\ req = [side |-> "west", lock |-> 1, ship |-> 2]
/\ valvesOpen = [low |-> FALSE, high |-> FALSE]
/\ waterLevel = "low"
/\ perm = (2 :> [lock |-> 1, granted |-> TRUE])
/\ shipStatus = "go_to_east"
/\ lockCommand = [command |-> "finished", open |-> TRUE, side |-> "west"]
/\ lockOrientation = "west_low"
/\ doorsOpen = [west |-> TRUE, east |-> FALSE]

@!@!@ENDMSG 2217 @!@!@
@!@!@STARTMSG 2201:0 @!@!@
The coverage statistics at 2025-10-07 12:10:13
@!@!@ENDMSG 2201 @!@!@
@!@!@STARTMSG 2773:0 @!@!@
<Init line 346, col 1 to line 346, col 4 of module lock_single>: 2:2
@!@!@ENDMSG 2773 @!@!@
@!@!@STARTMSG 2221:0 @!@!@
  line 347, col 9 to line 362, col 70 of module lock_single: 2
@!@!@ENDMSG 2221 @!@!@
@!@!@STARTMSG 2772:0 @!@!@
<LockWaitForCommand line 364, col 1 to line 364, col 24 of module lock_single>: 1:2
@!@!@ENDMSG 2772 @!@!@
@!@!@STARTMSG 2221:0 @!@!@
  line 364, col 32 to line 364, col 62 of module lock_single: 26
@!@!@ENDMSG 2221 @!@!@
@!@!@STARTMSG 2221:0 @!@!@
  |line 364, col 32 to line 364, col 39 of module lock_single: 24
@!@!@ENDMSG 2221 @!@!@
@!@!@STARTMSG 2221:0 @!@!@
  line 365, col 32 to line 365, col 64 of module lock_single: 22
@!@!@ENDMSG 2221 @!@!@
@!@!@STARTMSG 2221:0 @!@!@
  |line 365, col 32 to line 365, col 50 of module lock_single: 20
@!@!@ENDMSG 2221 @!@!@
@!@!@STARTMSG 2221:0 @!@!@
  line 366, col 35 to line 366, col 69 of module lock_single: 2
@!@!@ENDMSG 2221 @!@!@
@!@!@STARTMSG 2221:0 @!@!@
  line 367, col 43 to line 367, col 112 of module lock_single: 2
@!@!@ENDMSG 2221 @!@!@
@!@!@STARTMSG 2221:0 @!@!@
  line 368, col 43 to line 368, col 62 of module lock_single: 2
@!@!@ENDMSG 2221 @!@!@
@!@!@STARTMSG 2221:0 @!@!@
  line 370, col 54 to line 370, col 125 of module lock_single: 0
@!@!@ENDMSG 2221 @!@!@
@!@!@STARTMSG 2221:0 @!@!@
  line 373, col 54 to line 373, col 73 of module lock_single: 0
@!@!@ENDMSG 2221 @!@!@
@!@!@STARTMSG 2221:0 @!@!@
  line 374, col 43 to line 374, col 61 of module lock_single: 0
@!@!@ENDMSG 2221 @!@!@
@!@!@STARTMSG 2221:0 @!@!@
  line 375, col 32 to line 375, col 81 of module lock_single: 2
@!@!@ENDMSG 2221 @!@!@
@!@!@STARTMSG 2221:0 @!@!@
  line 376, col 32 to line 379, col 56 of module lock_single: 2
@!@!@ENDMSG 2221 @!@!@
@!@!@STARTMSG 2772:0 @!@!@
<LockUpdateWaterLevel line 381, col 1 to line 381, col 26 of module lock_single>: 1:2
@!@!@ENDMSG 2772 @!@!@
@!@!@STARTMSG 2221:0 @!@!@
  line 381, col 34 to line 381, col 66 of module lock_single: 25
@!@!@ENDMSG 2221 @!@!@
@!@!@STARTMSG 2221:0 @!@!@
  |line 381, col 34 to line 381, col 41 of module lock_single: 23
@!@!@ENDMSG 2221 @!@!@
@!@!@STARTMSG 2221:0 @!@!@
  line 382, col 37 to line 382, col 53 of module lock_single: 2
@!@!@ENDMSG 2221 @!@!@
@!@!@STARTMSG 2221:0 @!@!@
  line 383, col 45 to line 383, col 63 of module lock_single: 0
@!@!@ENDMSG 2221 @!@!@
@!@!@STARTMSG 2221:0 @!@!@
  line 384, col 48 to line 385, col 102 of module lock_single: 2
@!@!@ENDMSG 2221 @!@!@
@!@!@STARTMSG 2221:0 @!@!@
  line 386, col 53 to line 386, col 74 of module lock_single: 2
@!@!@ENDMSG 2221 @!@!@
@!@!@STARTMSG 2221:0 @!@!@
  line 388, col 67 to line 388, col 86 of module lock_single: 0
@!@!@ENDMSG 2221 @!@!@
@!@!@STARTMSG 2221:0 @!@!@
  line 391, col 78 to line 391, col 97 of module lock_single: 0
@!@!@ENDMSG 2221 @!@!@
@!@!@STARTMSG 2221:0 @!@!@
  line 393, col 78 to line 393, col 97 of module lock_single: 0
@!@!@ENDMSG 2221 @!@!@
@!@!@STARTMSG 2221:0 @!@!@
  line 394, col 34 to line 394, col 82 of module lock_single: 2
@!@!@ENDMSG 2221 @!@!@
@!@!@STARTMSG 2221:0 @!@!@
  line 395, col 34 to line 398, col 81 of module lock_single: 2
@!@!@ENDMSG 2221 @!@!@
@!@!@STARTMSG 2772:0 @!@!@
<LockCommandFinished line 400, col 1 to line 400, col 25 of module lock_single>: 1:2
@!@!@ENDMSG 2772 @!@!@
@!@!@STARTMSG 2221:0 @!@!@
  line 400, col 33 to line 400, col 64 of module lock_single: 24
@!@!@ENDMSG 2221 @!@!@
@!@!@STARTMSG 2221:0 @!@!@
  |line 400, col 33 to line 400, col 40 of module lock_single: 22
@!@!@ENDMSG 2221 @!@!@
@!@!@STARTMSG 2221:0 @!@!@
  line 401, col 33 to line 401, col 90 of module lock_single: 2
@!@!@ENDMSG 2221 @!@!@
@!@!@STARTMSG 2221:0 @!@!@
  line 402, col 33 to line 402, col 80 of module lock_single: 2
@!@!@ENDMSG 2221 @!@!@
@!@!@STARTMSG 2221:0 @!@!@
  line 403, col 33 to line 406, col 80 of module lock_single: 2
@!@!@ENDMSG 2221 @!@!@
@!@!@STARTMSG 2772:0 @!@!@
<ShipNextIteration line 411, col 1 to line 411, col 23 of module lock_single>: 2:4
@!@!@ENDMSG 2772 @!@!@
@!@!@STARTMSG 2221:0 @!@!@
  line 411, col 31 to line 411, col 60 of module lock_single: 25
@!@!@ENDMSG 2221 @!@!@
@!@!@STARTMSG 2221:0 @!@!@
  |line 411, col 31 to line 411, col 38 of module lock_single: 21
@!@!@ENDMSG 2221 @!@!@
@!@!@STARTMSG 2221:0 @!@!@
  line 412, col 34 to line 412, col 58 of module lock_single: 4
@!@!@ENDMSG 2221 @!@!@
@!@!@STARTMSG 2221:0 @!@!@
  line 413, col 45 to line 413, col 66 of module lock_single: 4
@!@!@ENDMSG 2221 @!@!@
@!@!@STARTMSG 2221:0 @!@!@
  line 414, col 53 to line 414, col 101 of module lock_single: 0
@!@!@ENDMSG 2221 @!@!@
@!@!@STARTMSG 2221:0 @!@!@
  line 415, col 56 to line 415, col 62 of module lock_single: 4
@!@!@ENDMSG 2221 @!@!@
@!@!@STARTMSG 2221:0 @!@!@
  line 416, col 61 to line 416, col 108 of module lock_single: 2
@!@!@ENDMSG 2221 @!@!@
@!@!@STARTMSG 2221:0 @!@!@
  line 417, col 61 to line 417, col 114 of module lock_single: 2
@!@!@ENDMSG 2221 @!@!@
@!@!@STARTMSG 2221:0 @!@!@
  line 420, col 64 to line 420, col 112 of module lock_single: 0
@!@!@ENDMSG 2221 @!@!@
@!@!@STARTMSG 2221:0 @!@!@
  line 422, col 75 to line 422, col 119 of module lock_single: 0
@!@!@ENDMSG 2221 @!@!@
@!@!@STARTMSG 2221:0 @!@!@
  line 423, col 75 to line 423, col 125 of module lock_single: 0
@!@!@ENDMSG 2221 @!@!@
@!@!@STARTMSG 2221:0 @!@!@
  line 426, col 53 to line 426, col 96 of module lock_single: 0
@!@!@ENDMSG 2221 @!@!@
@!@!@STARTMSG 2221:0 @!@!@
  line 427, col 31 to line 431, col 55 of module lock_single: 4
@!@!@ENDMSG 2221 @!@!@
@!@!@STARTMSG 2772:0 @!@!@
<ShipGoalReachedEast line 433, col 1 to line 433, col 25 of module lock_single>: 0:0
@!@!@ENDMSG 2772 @!@!@
@!@!@STARTMSG 2221:0 @!@!@
  line 433, col 33 to line 433, col 64 of module lock_single: 19
@!@!@ENDMSG 2221 @!@!@
@!@!@STARTMSG 2221:0 @!@!@
  line 434, col 33 to line 434, col 60 of module lock_single: 0
@!@!@ENDMSG 2221 @!@!@
@!@!@STARTMSG 2221:0 @!@!@
  line 435, col 33 to line 435, col 79 of module lock_single: 0
@!@!@ENDMSG 2221 @!@!@
@!@!@STARTMSG 2221:0 @!@!@
  line 436, col 33 to line 439, col 80 of module lock_single: 0
@!@!@ENDMSG 2221 @!@!@
@!@!@STARTMSG 2772:0 @!@!@
<ShipMoveEast line 441, col 1 to line 441, col 18 of module lock_single>: 1:2
@!@!@ENDMSG 2772 @!@!@
@!@!@STARTMSG 2221:0 @!@!@
  line 441, col 26 to line 441, col 50 of module lock_single: 21
@!@!@ENDMSG 2221 @!@!@
@!@!@STARTMSG 2221:0 @!@!@
  |line 441, col 26 to line 441, col 33 of module lock_single: 19
@!@!@ENDMSG 2221 @!@!@
@!@!@STARTMSG 2221:0 @!@!@
  line 442, col 29 to line 442, col 46 of module lock_single: 2
@!@!@ENDMSG 2221 @!@!@
@!@!@STARTMSG 2221:0 @!@!@
  line 443, col 34 to line 445, col 68 of module lock_single: 2
@!@!@ENDMSG 2221 @!@!@
@!@!@STARTMSG 2221:0 @!@!@
  line 447, col 37 to line 447, col 58 of module lock_single: 0
@!@!@ENDMSG 2221 @!@!@
@!@!@STARTMSG 2221:0 @!@!@
  line 448, col 26 to line 448, col 72 of module lock_single: 2
@!@!@ENDMSG 2221 @!@!@
@!@!@STARTMSG 2221:0 @!@!@
  line 449, col 26 to line 451, col 73 of module lock_single: 2
@!@!@ENDMSG 2221 @!@!@
@!@!@STARTMSG 2772:0 @!@!@
<ShipRequestWest line 453, col 1 to line 453, col 21 of module lock_single>: 1:2
@!@!@ENDMSG 2772 @!@!@
@!@!@STARTMSG 2221:0 @!@!@
  line 453, col 29 to line 453, col 56 of module lock_single: 20
@!@!@ENDMSG 2221 @!@!@
@!@!@STARTMSG 2221:0 @!@!@
  |line 453, col 29 to line 453, col 36 of module lock_single: 18
@!@!@ENDMSG 2221 @!@!@
@!@!@STARTMSG 2221:0 @!@!@
  line 454, col 29 to line 454, col 104 of module lock_single: 2
@!@!@ENDMSG 2221 @!@!@
@!@!@STARTMSG 2221:0 @!@!@
  line 455, col 29 to line 455, col 73 of module lock_single: 2
@!@!@ENDMSG 2221 @!@!@
@!@!@STARTMSG 2221:0 @!@!@
  line 456, col 29 to line 459, col 53 of module lock_single: 2
@!@!@ENDMSG 2221 @!@!@
@!@!@STARTMSG 2772:0 @!@!@
<ShipWaitForWest line 461, col 1 to line 461, col 21 of module lock_single>: 1:2
@!@!@ENDMSG 2772 @!@!@
@!@!@STARTMSG 2221:0 @!@!@
  line 461, col 29 to line 461, col 56 of module lock_single: 19
@!@!@ENDMSG 2221 @!@!@
@!@!@STARTMSG 2221:0 @!@!@
  |line 461, col 29 to line 461, col 36 of module lock_single: 17
@!@!@ENDMSG 2221 @!@!@
@!@!@STARTMSG 2221:0 @!@!@
  line 462, col 29 to line 462, col 47 of module lock_single: 12
@!@!@ENDMSG 2221 @!@!@
@!@!@STARTMSG 2221:0 @!@!@
  |line 462, col 29 to line 462, col 39 of module lock_single: 10
@!@!@ENDMSG 2221 @!@!@
@!@!@STARTMSG 2221:0 @!@!@
  |line 462, col 44 to line 462, col 47 of module lock_single: 10
@!@!@ENDMSG 2221 @!@!@
@!@!@STARTMSG 2221:0 @!@!@
  line 463, col 29 to line 463, col 77 of module lock_single: 2
@!@!@ENDMSG 2221 @!@!@
@!@!@STARTMSG 2221:0 @!@!@
  line 464, col 29 to line 464, col 60 of module lock_single: 2
@!@!@ENDMSG 2221 @!@!@
@!@!@STARTMSG 2221:0 @!@!@
  line 465, col 29 to line 466, col 82 of module lock_single: 2
@!@!@ENDMSG 2221 @!@!@
@!@!@STARTMSG 2221:0 @!@!@
  line 467, col 29 to line 467, col 70 of module lock_single: 2
@!@!@ENDMSG 2221 @!@!@
@!@!@STARTMSG 2221:0 @!@!@
  line 468, col 29 to line 471, col 47 of module lock_single: 2
@!@!@ENDMSG 2221 @!@!@
@!@!@STARTMSG 2772:0 @!@!@
<ShipRequestEastInLock line 473, col 1 to line 473, col 27 of module lock_single>: 1:2
@!@!@ENDMSG 2772 @!@!@
@!@!@STARTMSG 2221:0 @!@!@
  line 473, col 35 to line 473, col 68 of module lock_single: 18
@!@!@ENDMSG 2221 @!@!@
@!@!@STARTMSG 2221:0 @!@!@
  |line 473, col 35 to line 473, col 42 of module lock_single: 16
@!@!@ENDMSG 2221 @!@!@
@!@!@STARTMSG 2221:0 @!@!@
  line 474, col 35 to line 474, col 110 of module lock_single: 2
@!@!@ENDMSG 2221 @!@!@
@!@!@STARTMSG 2221:0 @!@!@
  line 475, col 35 to line 475, col 85 of module lock_single: 2
@!@!@ENDMSG 2221 @!@!@
@!@!@STARTMSG 2221:0 @!@!@
  line 476, col 35 to line 480, col 53 of module lock_single: 2
@!@!@ENDMSG 2221 @!@!@
@!@!@STARTMSG 2772:0 @!@!@
<ShipWaitForEastInLock line 482, col 1 to line 482, col 27 of module lock_single>: 0:0
@!@!@ENDMSG 2772 @!@!@
@!@!@STARTMSG 2221:0 @!@!@
  line 482, col 35 to line 482, col 68 of module lock_single: 15
@!@!@ENDMSG 2221 @!@!@
@!@!@STARTMSG 2221:0 @!@!@
  line 483, col 35 to line 483, col 53 of module lock_single: 1
@!@!@ENDMSG 2221 @!@!@
@!@!@STARTMSG 2221:0 @!@!@
  line 484, col 35 to line 484, col 83 of module lock_single: 0
@!@!@ENDMSG 2221 @!@!@
@!@!@STARTMSG 2221:0 @!@!@
  line 485, col 35 to line 485, col 66 of module lock_single: 0
@!@!@ENDMSG 2221 @!@!@
@!@!@STARTMSG 2221:0 @!@!@
  line 488, col 35 to line 488, col 76 of module lock_single: 0
@!@!@ENDMSG 2221 @!@!@
@!@!@STARTMSG 2221:0 @!@!@
  line 489, col 35 to line 492, col 76 of module lock_single: 0
@!@!@ENDMSG 2221 @!@!@
@!@!@STARTMSG 2772:0 @!@!@
<ShipTurnAround line 494, col 1 to line 494, col 20 of module lock_single>: 0:0
@!@!@ENDMSG 2772 @!@!@
@!@!@STARTMSG 2221:0 @!@!@
  line 494, col 28 to line 494, col 54 of module lock_single: 15
@!@!@ENDMSG 2221 @!@!@
@!@!@STARTMSG 2221:0 @!@!@
  line 495, col 28 to line 495, col 104 of module lock_single: 0
@!@!@ENDMSG 2221 @!@!@
@!@!@STARTMSG 2221:0 @!@!@
  line 496, col 28 to line 496, col 74 of module lock_single: 0
@!@!@ENDMSG 2221 @!@!@
@!@!@STARTMSG 2221:0 @!@!@
  line 497, col 28 to line 499, col 75 of module lock_single: 0
@!@!@ENDMSG 2221 @!@!@
@!@!@STARTMSG 2772:0 @!@!@
<ShipGoalReachedWest line 501, col 1 to line 501, col 25 of module lock_single>: 0:0
@!@!@ENDMSG 2772 @!@!@
@!@!@STARTMSG 2221:0 @!@!@
  line 501, col 33 to line 501, col 64 of module lock_single: 15
@!@!@ENDMSG 2221 @!@!@
@!@!@STARTMSG 2221:0 @!@!@
  line 502, col 33 to line 502, col 60 of module lock_single: 0
@!@!@ENDMSG 2221 @!@!@
@!@!@STARTMSG 2221:0 @!@!@
  line 503, col 33 to line 503, col 79 of module lock_single: 0
@!@!@ENDMSG 2221 @!@!@
@!@!@STARTMSG 2221:0 @!@!@
  line 504, col 33 to line 507, col 80 of module lock_single: 0
@!@!@ENDMSG 2221 @!@!@
@!@!@STARTMSG 2772:0 @!@!@
<ShipMoveWest line 509, col 1 to line 509, col 18 of module lock_single>: 0:0
@!@!@ENDMSG 2772 @!@!@
@!@!@STARTMSG 2221:0 @!@!@
  line 509, col 26 to line 509, col 50 of module lock_single: 15
@!@!@ENDMSG 2221 @!@!@
@!@!@STARTMSG 2221:0 @!@!@
  line 513, col 37 to line 513, col 68 of module lock_single: 0
@!@!@ENDMSG 2221 @!@!@
@!@!@STARTMSG 2221:0 @!@!@
  line 515, col 37 to line 515, col 58 of module lock_single: 0
@!@!@ENDMSG 2221 @!@!@
@!@!@STARTMSG 2221:0 @!@!@
  line 516, col 26 to line 516, col 72 of module lock_single: 0
@!@!@ENDMSG 2221 @!@!@
@!@!@STARTMSG 2221:0 @!@!@
  line 517, col 26 to line 519, col 73 of module lock_single: 0
@!@!@ENDMSG 2221 @!@!@
@!@!@STARTMSG 2772:0 @!@!@
<ShipRequestEast line 521, col 1 to line 521, col 21 of module lock_single>: 0:0
@!@!@ENDMSG 2772 @!@!@
@!@!@STARTMSG 2221:0 @!@!@
  line 521, col 29 to line 521, col 56 of module lock_single: 15
@!@!@ENDMSG 2221 @!@!@
@!@!@STARTMSG 2221:0 @!@!@
  line 522, col 29 to line 522, col 104 of module lock_single: 0
@!@!@ENDMSG 2221 @!@!@
@!@!@STARTMSG 2221:0 @!@!@
  line 523, col 29 to line 523, col 73 of module lock_single: 0
@!@!@ENDMSG 2221 @!@!@
@!@!@STARTMSG 2221:0 @!@!@
  line 524, col 29 to line 527, col 53 of module lock_single: 0
@!@!@ENDMSG 2221 @!@!@
@!@!@STARTMSG 2772:0 @!@!@
<ShipWaitForEast line 529, col 1 to line 529, col 21 of module lock_single>: 0:0
@!@!@ENDMSG 2772 @!@!@
@!@!@STARTMSG 2221:0 @!@!@
  line 529, col 29 to line 529, col 56 of module lock_single: 15
@!@!@ENDMSG 2221 @!@!@
@!@!@STARTMSG 2221:0 @!@!@
  line 531, col 29 to line 531, col 77 of module lock_single: 0
@!@!@ENDMSG 2221 @!@!@
@!@!@STARTMSG 2221:0 @!@!@
  line 532, col 29 to line 532, col 60 of module lock_single: 0
@!@!@ENDMSG 2221 @!@!@
@!@!@STARTMSG 2221:0 @!@!@
  line 535, col 29 to line 535, col 70 of module lock_single: 0
@!@!@ENDMSG 2221 @!@!@
@!@!@STARTMSG 2221:0 @!@!@
  line 536, col 29 to line 539, col 47 of module lock_single: 0
@!@!@ENDMSG 2221 @!@!@
@!@!@STARTMSG 2772:0 @!@!@
<ShipRequestWestInLock line 541, col 1 to line 541, col 27 of module lock_single>: 0:0
@!@!@ENDMSG 2772 @!@!@
@!@!@STARTMSG 2221:0 @!@!@
  line 541, col 35 to line 541, col 68 of module lock_single: 15
@!@!@ENDMSG 2221 @!@!@
@!@!@STARTMSG 2221:0 @!@!@
  line 542, col 35 to line 542, col 110 of module lock_single: 0
@!@!@ENDMSG 2221 @!@!@
@!@!@STARTMSG 2221:0 @!@!@
  line 543, col 35 to line 543, col 85 of module lock_single: 0
@!@!@ENDMSG 2221 @!@!@
@!@!@STARTMSG 2221:0 @!@!@
  line 544, col 35 to line 548, col 53 of module lock_single: 0
@!@!@ENDMSG 2221 @!@!@
@!@!@STARTMSG 2772:0 @!@!@
<ShipWaitForWestInLock line 550, col 1 to line 550, col 27 of module lock_single>: 0:0
@!@!@ENDMSG 2772 @!@!@
@!@!@STARTMSG 2221:0 @!@!@
  line 550, col 35 to line 550, col 68 of module lock_single: 15
@!@!@ENDMSG 2221 @!@!@
@!@!@STARTMSG 2221:0 @!@!@
  line 552, col 35 to line 552, col 83 of module lock_single: 0
@!@!@ENDMSG 2221 @!@!@
@!@!@STARTMSG 2221:0 @!@!@
  line 553, col 35 to line 553, col 66 of module lock_single: 0
@!@!@ENDMSG 2221 @!@!@
@!@!@STARTMSG 2221:0 @!@!@
  line 556, col 35 to line 556, col 76 of module lock_single: 0
@!@!@ENDMSG 2221 @!@!@
@!@!@STARTMSG 2221:0 @!@!@
  line 557, col 35 to line 560, col 76 of module lock_single: 0
@!@!@ENDMSG 2221 @!@!@
@!@!@STARTMSG 2772:0 @!@!@
<ControlStart line 573, col 1 to line 573, col 12 of module lock_single>: 1:2
@!@!@ENDMSG 2772 @!@!@
@!@!@STARTMSG 2221:0 @!@!@
  line 573, col 20 to line 573, col 41 of module lock_single: 31
@!@!@ENDMSG 2221 @!@!@
@!@!@STARTMSG 2221:0 @!@!@
  |line 573, col 20 to line 573, col 24 of module lock_single: 29
@!@!@ENDMSG 2221 @!@!@
@!@!@STARTMSG 2221:0 @!@!@
  line 574, col 20 to line 574, col 35 of module lock_single: 8
@!@!@ENDMSG 2221 @!@!@
@!@!@STARTMSG 2221:0 @!@!@
  |line 574, col 20 to line 574, col 27 of module lock_single: 6
@!@!@ENDMSG 2221 @!@!@
@!@!@STARTMSG 2221:0 @!@!@
  |line 574, col 32 to line 574, col 35 of module lock_single: 6
@!@!@ENDMSG 2221 @!@!@
@!@!@STARTMSG 2221:0 @!@!@
  line 575, col 20 to line 575, col 40 of module lock_single: 2
@!@!@ENDMSG 2221 @!@!@
@!@!@STARTMSG 2221:0 @!@!@
  line 576, col 20 to line 576, col 45 of module lock_single: 2
@!@!@ENDMSG 2221 @!@!@
@!@!@STARTMSG 2221:0 @!@!@
  line 577, col 20 to line 578, col 72 of module lock_single: 2
@!@!@ENDMSG 2221 @!@!@
@!@!@STARTMSG 2221:0 @!@!@
  line 579, col 20 to line 579, col 63 of module lock_single: 2
@!@!@ENDMSG 2221 @!@!@
@!@!@STARTMSG 2221:0 @!@!@
  line 580, col 20 to line 582, col 65 of module lock_single: 2
@!@!@ENDMSG 2221 @!@!@
@!@!@STARTMSG 2772:0 @!@!@
<HandleWestRequest line 584, col 1 to line 584, col 17 of module lock_single>: 1:2
@!@!@ENDMSG 2772 @!@!@
@!@!@STARTMSG 2221:0 @!@!@
  line 584, col 25 to line 584, col 51 of module lock_single: 30
@!@!@ENDMSG 2221 @!@!@
@!@!@STARTMSG 2221:0 @!@!@
  |line 584, col 25 to line 584, col 29 of module lock_single: 28
@!@!@ENDMSG 2221 @!@!@
@!@!@STARTMSG 2221:0 @!@!@
  line 585, col 28 to line 585, col 55 of module lock_single: 2
@!@!@ENDMSG 2221 @!@!@
@!@!@STARTMSG 2221:0 @!@!@
  line 586, col 33 to line 586, col 74 of module lock_single: 2
@!@!@ENDMSG 2221 @!@!@
@!@!@STARTMSG 2221:0 @!@!@
  line 587, col 36 to line 587, col 66 of module lock_single: 0
@!@!@ENDMSG 2221 @!@!@
@!@!@STARTMSG 2221:0 @!@!@
  line 588, col 25 to line 591, col 43 of module lock_single: 2
@!@!@ENDMSG 2221 @!@!@
@!@!@STARTMSG 2772:0 @!@!@
<WaitForReady line 593, col 1 to line 593, col 12 of module lock_single>: 1:2
@!@!@ENDMSG 2772 @!@!@
@!@!@STARTMSG 2221:0 @!@!@
  line 593, col 20 to line 593, col 41 of module lock_single: 29
@!@!@ENDMSG 2221 @!@!@
@!@!@STARTMSG 2221:0 @!@!@
  |line 593, col 20 to line 593, col 24 of module lock_single: 27
@!@!@ENDMSG 2221 @!@!@
@!@!@STARTMSG 2221:0 @!@!@
  line 594, col 20 to line 594, col 51 of module lock_single: 4
@!@!@ENDMSG 2221 @!@!@
@!@!@STARTMSG 2221:0 @!@!@
  |line 594, col 20 to line 594, col 38 of module lock_single: 2
@!@!@ENDMSG 2221 @!@!@
@!@!@STARTMSG 2221:0 @!@!@
  line 595, col 20 to line 595, col 58 of module lock_single: 2
@!@!@ENDMSG 2221 @!@!@
@!@!@STARTMSG 2221:0 @!@!@
  line 596, col 20 to line 598, col 80 of module lock_single: 2
@!@!@ENDMSG 2221 @!@!@
@!@!@STARTMSG 2772:0 @!@!@
<OpenWestDoor line 600, col 1 to line 600, col 12 of module lock_single>: 1:2
@!@!@ENDMSG 2772 @!@!@
@!@!@STARTMSG 2221:0 @!@!@
  line 600, col 20 to line 600, col 41 of module lock_single: 28
@!@!@ENDMSG 2221 @!@!@
@!@!@STARTMSG 2221:0 @!@!@
  |line 600, col 20 to line 600, col 24 of module lock_single: 26
@!@!@ENDMSG 2221 @!@!@
@!@!@STARTMSG 2221:0 @!@!@
  line 601, col 20 to line 601, col 93 of module lock_single: 2
@!@!@ENDMSG 2221 @!@!@
@!@!@STARTMSG 2221:0 @!@!@
  line 602, col 20 to line 602, col 60 of module lock_single: 2
@!@!@ENDMSG 2221 @!@!@
@!@!@STARTMSG 2221:0 @!@!@
  line 603, col 20 to line 605, col 57 of module lock_single: 2
@!@!@ENDMSG 2221 @!@!@
@!@!@STARTMSG 2772:0 @!@!@
<WestDoorOpened line 607, col 1 to line 607, col 14 of module lock_single>: 1:2
@!@!@ENDMSG 2772 @!@!@
@!@!@STARTMSG 2221:0 @!@!@
  line 607, col 22 to line 607, col 45 of module lock_single: 27
@!@!@ENDMSG 2221 @!@!@
@!@!@STARTMSG 2221:0 @!@!@
  |line 607, col 22 to line 607, col 26 of module lock_single: 25
@!@!@ENDMSG 2221 @!@!@
@!@!@STARTMSG 2221:0 @!@!@
  line 608, col 22 to line 608, col 53 of module lock_single: 10
@!@!@ENDMSG 2221 @!@!@
@!@!@STARTMSG 2221:0 @!@!@
  |line 608, col 22 to line 608, col 40 of module lock_single: 8
@!@!@ENDMSG 2221 @!@!@
@!@!@STARTMSG 2221:0 @!@!@
  line 609, col 22 to line 609, col 96 of module lock_single: 2
@!@!@ENDMSG 2221 @!@!@
@!@!@STARTMSG 2221:0 @!@!@
  line 610, col 22 to line 610, col 52 of module lock_single: 2
@!@!@ENDMSG 2221 @!@!@
@!@!@STARTMSG 2221:0 @!@!@
  line 611, col 22 to line 613, col 69 of module lock_single: 2
@!@!@ENDMSG 2221 @!@!@
@!@!@STARTMSG 2774:0 @!@!@
<TypeOK line 290, col 1 to line 290, col 6 of module lock_single>
@!@!@ENDMSG 2774 @!@!@
@!@!@STARTMSG 2221:0 @!@!@
  line 290, col 11 to line 305, col 47 of module lock_single: 15
@!@!@ENDMSG 2221 @!@!@
@!@!@STARTMSG 2221:0 @!@!@
  |line 290, col 14 to line 290, col 48 of module lock_single: 15
@!@!@ENDMSG 2221 @!@!@
@!@!@STARTMSG 2221:0 @!@!@
  |line 291, col 14 to line 291, col 59 of module lock_single: 15
@!@!@ENDMSG 2221 @!@!@
@!@!@STARTMSG 2221:0 @!@!@
  ||line 291, col 35 to line 291, col 59 of module lock_single: 30
@!@!@ENDMSG 2221 @!@!@
@!@!@STARTMSG 2221:0 @!@!@
  ||line 291, col 24 to line 291, col 31 of module lock_single: 15
@!@!@ENDMSG 2221 @!@!@
@!@!@STARTMSG 2221:0 @!@!@
  |line 292, col 14 to line 292, col 61 of module lock_single: 15
@!@!@ENDMSG 2221 @!@!@
@!@!@STARTMSG 2221:0 @!@!@
  ||line 292, col 36 to line 292, col 61 of module lock_single: 30
@!@!@ENDMSG 2221 @!@!@
@!@!@STARTMSG 2221:0 @!@!@
  ||line 292, col 24 to line 292, col 32 of module lock_single: 15
@!@!@ENDMSG 2221 @!@!@
@!@!@STARTMSG 2221:0 @!@!@
  |line 293, col 14 to line 293, col 38 of module lock_single: 15
@!@!@ENDMSG 2221 @!@!@
@!@!@STARTMSG 2221:0 @!@!@
  |line 294, col 14 to line 294, col 48 of module lock_single: 15
@!@!@ENDMSG 2221 @!@!@
@!@!@STARTMSG 2221:0 @!@!@
  |line 295, col 14 to line 295, col 41 of module lock_single: 15
@!@!@ENDMSG 2221 @!@!@
@!@!@STARTMSG 2221:0 @!@!@
  |line 296, col 14 to line 296, col 59 of module lock_single: 15
@!@!@ENDMSG 2221 @!@!@
@!@!@STARTMSG 2221:0 @!@!@
  |line 297, col 14 to line 297, col 39 of module lock_single: 15
@!@!@ENDMSG 2221 @!@!@
@!@!@STARTMSG 2221:0 @!@!@
  |line 298, col 14 to line 298, col 38 of module lock_single: 15
@!@!@ENDMSG 2221 @!@!@
@!@!@STARTMSG 2221:0 @!@!@
  |line 299, col 14 to line 301, col 52 of module lock_single: 15
@!@!@ENDMSG 2221 @!@!@
@!@!@STARTMSG 2221:0 @!@!@
  ||line 300, col 16 to line 301, col 52 of module lock_single: 1
@!@!@ENDMSG 2221 @!@!@
@!@!@STARTMSG 2221:0 @!@!@
  ||line 299, col 23 to line 299, col 41 of module lock_single: 15
@!@!@ENDMSG 2221 @!@!@
@!@!@STARTMSG 2221:0 @!@!@
  |line 302, col 14 to line 305, col 47 of module lock_single: 15
@!@!@ENDMSG 2221 @!@!@
@!@!@STARTMSG 2221:0 @!@!@
  ||line 303, col 16 to line 305, col 47 of module lock_single: 2
@!@!@ENDMSG 2221 @!@!@
@!@!@STARTMSG 2221:0 @!@!@
  ||line 302, col 23 to line 302, col 38 of module lock_single: 15
@!@!@ENDMSG 2221 @!@!@
@!@!@STARTMSG 2774:0 @!@!@
<MessagesOK line 308, col 1 to line 308, col 10 of module lock_single>
@!@!@ENDMSG 2774 @!@!@
@!@!@STARTMSG 2221:0 @!@!@
  line 308, col 15 to line 309, col 38 of module lock_single: 15
@!@!@ENDMSG 2221 @!@!@
@!@!@STARTMSG 2202:0 @!@!@
End of statistics.
@!@!@ENDMSG 2202 @!@!@
@!@!@STARTMSG 2200:0 @!@!@
Progress(15) at 2025-10-07 12:10:13: 15 states generated (443 s/min), 15 distinct states found (443 ds/min), 0 states left on queue.
@!@!@ENDMSG 2200 @!@!@
@!@!@STARTMSG 2199:0 @!@!@
15 states generated, 15 distinct states found, 0 states left on queue.
@!@!@ENDMSG 2199 @!@!@
@!@!@STARTMSG 2194:0 @!@!@
The depth of the complete state graph search is 15.
@!@!@ENDMSG 2194 @!@!@
@!@!@STARTMSG 2268:0 @!@!@
The average outdegree of the complete state graph is 1 (minimum is 0, the maximum 1 and the 95th percentile is 1).
@!@!@ENDMSG 2268 @!@!@
@!@!@STARTMSG 2186:0 @!@!@
Finished in 2056ms at (2025-10-07 12:10:13)
@!@!@ENDMSG 2186 @!@!@
